<?xml version="1.0" encoding="UTF-8"?>
<!-- Generated by org.testng.reporters.JUnitXMLReporter -->
<testsuite ignored="0" hostname="DESKTOP-QJ9U0NJ" failures="0" tests="5" name="Surefire test" time="0.788" errors="0" timestamp="2022-12-18T15:28:00 CET">
  <testcase classname="pl.edu.agh.kis.pz1.LibraryTest" name="testLibraryCreation" time="0.04"/>
  <testcase classname="pl.edu.agh.kis.pz1.MainTest" name="testLibrarySimulation" time="0.634"/>
  <testcase classname="pl.edu.agh.kis.pz1.MainTest" name="testMain" time="0.001"/>
  <testcase classname="pl.edu.agh.kis.pz1.ReaderTest" name="testReaderCreation" time="0.0"/>
  <testcase classname="pl.edu.agh.kis.pz1.WriterTest" name="testWriterCreation" time="0.0"/>
</testsuite> <!-- Surefire test -->
